<?xml version="1.0" encoding="UTF-8"?>
<!-- Generated by org.testng.reporters.JUnitReportReporter -->
<testsuite skipped="0" hostname="T-I-N-A" name="AzureDevOps.AzureReporting.directtoazure" tests="1" failures="0" timestamp="2021-07-29T21:57:49 AEST" time="13.301" errors="0">
  <testcase name="automation1" time="13.301" classname="AzureDevOps.AzureReporting.directtoazure"/>
  <system-out/>
</testsuite> <!-- AzureDevOps.AzureReporting.directtoazure -->
